e:\visual studio projects\source\repos\im\im\x64\release\collapseview.obj
e:\visual studio projects\source\repos\im\im\x64\release\msgaddfriendresp.obj
e:\visual studio projects\source\repos\im\im\x64\release\msgboxwidget.obj
e:\visual studio projects\source\repos\im\im\x64\release\qrc_im.obj
e:\visual studio projects\source\repos\im\im\x64\release\moc_socketsendtools.obj
e:\visual studio projects\source\repos\im\im\x64\release\im_login.obj
e:\visual studio projects\source\repos\im\im\x64\release\msgloginresp.obj
e:\visual studio projects\source\repos\im\im\x64\release\msgaddfriend.obj
e:\visual studio projects\source\repos\im\im\x64\release\msglogin.obj
e:\visual studio projects\source\repos\im\im\x64\release\semaphore_linux.obj
e:\visual studio projects\source\repos\im\im\x64\release\semaphore_win32.obj
e:\visual studio projects\source\repos\im\im\x64\release\registerdia.obj
e:\visual studio projects\source\repos\im\im\x64\release\moc_connecting.obj
e:\visual studio projects\source\repos\im\im\x64\release\moc_mainform.obj
e:\visual studio projects\source\repos\im\im\x64\release\moc_socketrecvtools.obj
e:\visual studio projects\source\repos\im\im\x64\release\emotion.obj
e:\visual studio projects\source\repos\im\im\x64\release\moveableframelesswindow.obj
e:\visual studio projects\source\repos\im\im\x64\release\msgchat.obj
e:\visual studio projects\source\repos\im\im\x64\release\mutex_linux.obj
e:\visual studio projects\source\repos\im\im\x64\release\mutex_win32.obj
e:\visual studio projects\source\repos\im\im\x64\release\parsetool.obj
e:\visual studio projects\source\repos\im\im\x64\release\socket_waitpackage.obj
e:\visual studio projects\source\repos\im\im\x64\release\moc_collapseview.obj
e:\visual studio projects\source\repos\im\im\x64\release\moc_friendmsg.obj
e:\visual studio projects\source\repos\im\im\x64\release\moc_mymessagebox.obj
e:\visual studio projects\source\repos\im\im\x64\release\chat.obj
e:\visual studio projects\source\repos\im\im\x64\release\msghead.obj
e:\visual studio projects\source\repos\im\im\x64\release\mymessagebox.obj
e:\visual studio projects\source\repos\im\im\x64\release\moc_emotion.obj
e:\visual studio projects\source\repos\im\im\x64\release\moc_litteriem.obj
e:\visual studio projects\source\repos\im\im\x64\release\friendmsg.obj
e:\visual studio projects\source\repos\im\im\x64\release\main.obj
e:\visual studio projects\source\repos\im\im\x64\release\thread_linux.obj
e:\visual studio projects\source\repos\im\im\x64\release\thread_win32.obj
e:\visual studio projects\source\repos\im\im\x64\release\socketrecvtools.obj
e:\visual studio projects\source\repos\im\im\x64\release\moc_msgboxwidget.obj
e:\visual studio projects\source\repos\im\im\x64\release\moc_registerdia.obj
e:\visual studio projects\source\repos\im\im\x64\release\im.obj
e:\visual studio projects\source\repos\im\im\x64\release\litteriem.obj
e:\visual studio projects\source\repos\im\im\x64\release\search.obj
e:\visual studio projects\source\repos\im\im\x64\release\moc_im.obj
e:\visual studio projects\source\repos\im\im\x64\release\moc_im_login.obj
e:\visual studio projects\source\repos\im\im\x64\release\collapseviewitem.obj
e:\visual studio projects\source\repos\im\im\x64\release\msgreg.obj
e:\visual studio projects\source\repos\im\im\x64\release\socket.obj
e:\visual studio projects\source\repos\im\im\x64\release\socketsendtools.obj
e:\visual studio projects\source\repos\im\im\x64\release\moc_chat.obj
e:\visual studio projects\source\repos\im\im\x64\release\connecting.obj
e:\visual studio projects\source\repos\im\im\x64\release\mainform.obj
e:\visual studio projects\source\repos\im\im\x64\release\packagetool.obj
e:\visual studio projects\source\repos\im\im\x64\release\moc_collapseviewitem.obj
e:\visual studio projects\source\repos\im\im\x64\release\moc_moveableframelesswindow.obj
e:\visual studio projects\source\repos\im\im\x64\release\moc_search.obj
e:\visual studio projects\source\repos\im\im\generatedfiles\ui_chat.h
e:\visual studio projects\source\repos\im\im\generatedfiles\ui_collapseview.h
e:\visual studio projects\source\repos\im\im\generatedfiles\ui_collapseviewitem.h
e:\visual studio projects\source\repos\im\im\generatedfiles\ui_connecting.h
e:\visual studio projects\source\repos\im\im\generatedfiles\ui_emotion.h
e:\visual studio projects\source\repos\im\im\generatedfiles\ui_friendmsg.h
e:\visual studio projects\source\repos\im\im\generatedfiles\ui_im.h
e:\visual studio projects\source\repos\im\im\generatedfiles\ui_im_login.h
e:\visual studio projects\source\repos\im\im\generatedfiles\ui_litteriem.h
e:\visual studio projects\source\repos\im\im\generatedfiles\ui_mainform.h
e:\visual studio projects\source\repos\im\im\generatedfiles\ui_msgboxwidget.h
e:\visual studio projects\source\repos\im\im\generatedfiles\ui_mymessagebox.h
e:\visual studio projects\source\repos\im\im\generatedfiles\ui_registerdia.h
e:\visual studio projects\source\repos\im\im\generatedfiles\ui_search.h
e:\visual studio projects\source\repos\im\im\generatedfiles\qrc_im.cpp
e:\visual studio projects\source\repos\im\im\generatedfiles\release\moc_im.cpp
e:\visual studio projects\source\repos\im\im\generatedfiles\release\moc_connecting.cpp
e:\visual studio projects\source\repos\im\im\generatedfiles\release\moc_collapseview.cpp
e:\visual studio projects\source\repos\im\im\generatedfiles\release\moc_collapseviewitem.cpp
e:\visual studio projects\source\repos\im\im\generatedfiles\release\moc_chat.cpp
e:\visual studio projects\source\repos\im\im\generatedfiles\release\moc_emotion.cpp
e:\visual studio projects\source\repos\im\im\generatedfiles\release\moc_friendmsg.cpp
e:\visual studio projects\source\repos\im\im\generatedfiles\release\moc_moveableframelesswindow.cpp
e:\visual studio projects\source\repos\im\im\generatedfiles\release\moc_im_login.cpp
e:\visual studio projects\source\repos\im\im\generatedfiles\release\moc_mainform.cpp
e:\visual studio projects\source\repos\im\im\generatedfiles\release\moc_litteriem.cpp
e:\visual studio projects\source\repos\im\im\generatedfiles\release\moc_msgboxwidget.cpp
e:\visual studio projects\source\repos\im\im\generatedfiles\release\moc_mymessagebox.cpp
e:\visual studio projects\source\repos\im\im\generatedfiles\release\moc_search.cpp
e:\visual studio projects\source\repos\im\im\generatedfiles\release\moc_registerdia.cpp
e:\visual studio projects\source\repos\im\im\generatedfiles\release\moc_socketrecvtools.cpp
e:\visual studio projects\source\repos\im\im\generatedfiles\release\moc_socketsendtools.cpp
e:\visual studio projects\source\repos\im\x64\release\im.exe
e:\visual studio projects\source\repos\im\im\x64\release\im.tlog\cl.command.1.tlog
e:\visual studio projects\source\repos\im\im\x64\release\im.tlog\cl.read.1.tlog
e:\visual studio projects\source\repos\im\im\x64\release\im.tlog\cl.write.1.tlog
e:\visual studio projects\source\repos\im\im\x64\release\im.tlog\im.write.1u.tlog
e:\visual studio projects\source\repos\im\im\x64\release\im.tlog\link.command.1.tlog
e:\visual studio projects\source\repos\im\im\x64\release\im.tlog\link.read.1.tlog
e:\visual studio projects\source\repos\im\im\x64\release\im.tlog\link.write.1.tlog
e:\visual studio projects\source\repos\im\im\x64\release\im.tlog\moc.read.1u.tlog
e:\visual studio projects\source\repos\im\im\x64\release\im.tlog\moc.write.1u.tlog
e:\visual studio projects\source\repos\im\im\x64\release\im.tlog\rcc.read.1u.tlog
e:\visual studio projects\source\repos\im\im\x64\release\im.tlog\rcc.write.1u.tlog
e:\visual studio projects\source\repos\im\im\x64\release\im.tlog\uic.read.1u.tlog
e:\visual studio projects\source\repos\im\im\x64\release\im.tlog\uic.write.1u.tlog
