  Uic'ing Chat.ui...
  Uic'ing CollapseView.ui...
  Uic'ing CollapseViewItem.ui...
  Uic'ing connecting.ui...
  Uic'ing Emotion.ui...
  Uic'ing FriendMsg.ui...
  Uic'ing IM.ui...
  Uic'ing IM_Login.ui...
  Uic'ing LitterIem.ui...
  Uic'ing MainForm.ui...
  Uic'ing msgboxWidget.ui...
  Uic'ing MyMessageBox.ui...
  Uic'ing RegisterDia.ui...
  Uic'ing Search.ui...
  Rcc'ing rs\IM.qrc...
  Moc'ing IM.h...
  Moc'ing connecting.h...
   E:\Visual Studio Projects\source\repos\IM\IM\rs\IM.qrc: Warning: potential duplicate alias detected: 'arrow_d.png'
  Moc'ing CollapseView.h...
  Moc'ing CollapseViewItem.h...
  Moc'ing Chat.h...
  Moc'ing Emotion.h...
  Moc'ing FriendMsg.h...
  Moc'ing moveableframelesswindow.h...
  Moc'ing IM_Login.h...
  Moc'ing MainForm.h...
  Moc'ing LitterIem.h...
  Moc'ing msgboxWidget.h...
  Moc'ing MyMessageBox.h...
  Moc'ing Search.h...
  Moc'ing RegisterDia.h...
  Moc'ing socketRecvTools.h...
  Moc'ing socketSendTools.h...
  Chat.cpp
  CollapseView.cpp
  CollapseViewItem.cpp
  connecting.cpp
  Emotion.cpp
  FriendMsg.cpp
  IM.cpp
  IM_Login.cpp
  LitterIem.cpp
  main.cpp
  MainForm.cpp
  moveableframelesswindow.cpp
  MsgAddFriendResp.cpp
  msgboxWidget.cpp
  MsgLoginResp.cpp
  MsgAddFriend.cpp
  MsgChat.cpp
  MsgHead.cpp
  MsgLogin.cpp
  MsgReg.cpp
  MyMessageBox.cpp
  Mutex_Linux.cpp
  Mutex_Win32.cpp
  Semaphore_Linux.cpp
  Semaphore_Win32.cpp
  Socket.cpp
  Thread_Linux.cpp
  Thread_Win32.cpp
  parseTool.cpp
  RegisterDia.cpp
  Search.cpp
  socketRecvTools.cpp
  socketSendTools.cpp
  socket_waitPackage.cpp
  PackageTool.cpp
  qrc_IM.cpp
  moc_IM.cpp
  moc_connecting.cpp
  moc_CollapseView.cpp
  moc_CollapseViewItem.cpp
  moc_Chat.cpp
  moc_Emotion.cpp
  moc_FriendMsg.cpp
  moc_moveableframelesswindow.cpp
  moc_IM_Login.cpp
  moc_MainForm.cpp
  moc_LitterIem.cpp
  moc_msgboxWidget.cpp
  moc_MyMessageBox.cpp
  moc_Search.cpp
  moc_RegisterDia.cpp
  moc_socketRecvTools.cpp
  moc_socketSendTools.cpp
  IM.vcxproj -> E:\Visual Studio Projects\source\repos\IM\x64\Release\IM.exe
