e:\visual studio projects\source\repos\im\im\x64\debug\vc141.pdb
e:\visual studio projects\source\repos\im\im\x64\debug\im_login.obj
e:\visual studio projects\source\repos\im\im\x64\debug\socketsendtools.obj
e:\visual studio projects\source\repos\im\im\x64\debug\moc_socketsendtools.obj
e:\visual studio projects\source\repos\im\im\x64\debug\socketrecvtools.obj
e:\visual studio projects\source\repos\im\im\x64\debug\moc_search.obj
e:\visual studio projects\source\repos\im\im\x64\debug\mainform.obj
e:\visual studio projects\source\repos\im\im\x64\debug\moc_mainform.obj
e:\visual studio projects\source\repos\im\im\x64\debug\moc_socketrecvtools.obj
e:\visual studio projects\source\repos\im\im\x64\debug\friendmsg.obj
e:\visual studio projects\source\repos\im\im\x64\debug\moc_friendmsg.obj
e:\visual studio projects\source\repos\im\im\x64\debug\moc_moveableframelesswindow.obj
e:\visual studio projects\source\repos\im\im\x64\debug\chat.obj
e:\visual studio projects\source\repos\im\im\x64\debug\mymessagebox.obj
e:\visual studio projects\source\repos\im\im\x64\debug\collapseviewitem.obj
e:\visual studio projects\source\repos\im\im\x64\debug\moc_litteriem.obj
e:\visual studio projects\source\repos\im\im\x64\debug\litteriem.obj
e:\visual studio projects\source\repos\im\im\x64\debug\msgboxwidget.obj
e:\visual studio projects\source\repos\im\im\x64\debug\moc_chat.obj
e:\visual studio projects\source\repos\im\im\x64\debug\moc_collapseview.obj
e:\visual studio projects\source\repos\im\im\x64\debug\parsetool.obj
e:\visual studio projects\source\repos\im\im\x64\debug\moc_collapseviewitem.obj
e:\visual studio projects\source\repos\im\im\x64\debug\collapseview.obj
e:\visual studio projects\source\repos\im\im\x64\debug\moc_registerdia.obj
e:\visual studio projects\source\repos\im\im\x64\debug\registerdia.obj
e:\visual studio projects\source\repos\im\im\x64\debug\packagetool.obj
e:\visual studio projects\source\repos\im\im\x64\debug\search.obj
e:\visual studio projects\source\repos\im\im\x64\debug\main.obj
e:\visual studio projects\source\repos\im\im\x64\debug\moc_im_login.obj
c:\users\msi-\desktop\im\im\x64\debug\chat.obj
c:\users\msi-\desktop\im\im\x64\debug\msghead.obj
c:\users\msi-\desktop\im\im\x64\debug\msgreg.obj
c:\users\msi-\desktop\im\im\x64\debug\socket.obj
c:\users\msi-\desktop\im\im\x64\debug\socketrecvtools.obj
c:\users\msi-\desktop\im\im\x64\debug\moc_chat.obj
c:\users\msi-\desktop\im\im\x64\debug\collapseviewitem.obj
c:\users\msi-\desktop\im\im\x64\debug\semaphore_linux.obj
c:\users\msi-\desktop\im\im\x64\debug\semaphore_win32.obj
c:\users\msi-\desktop\im\im\x64\debug\parsetool.obj
c:\users\msi-\desktop\im\im\x64\debug\socket_waitpackage.obj
c:\users\msi-\desktop\im\im\x64\debug\moc_litteriem.obj
c:\users\msi-\desktop\im\im\x64\debug\collapseview.obj
c:\users\msi-\desktop\im\im\x64\debug\msgaddfriendresp.obj
c:\users\msi-\desktop\im\im\x64\debug\msgboxwidget.obj
c:\users\msi-\desktop\im\im\x64\debug\socketsendtools.obj
c:\users\msi-\desktop\im\im\x64\debug\moc_collapseview.obj
c:\users\msi-\desktop\im\im\x64\debug\moc_friendmsg.obj
c:\users\msi-\desktop\im\im\x64\debug\moc_search.obj
c:\users\msi-\desktop\im\im\x64\debug\im.obj
c:\users\msi-\desktop\im\im\x64\debug\litteriem.obj
c:\users\msi-\desktop\im\im\x64\debug\packagetool.obj
c:\users\msi-\desktop\im\im\x64\debug\moc_im.obj
c:\users\msi-\desktop\im\im\x64\debug\moc_moveableframelesswindow.obj
c:\users\msi-\desktop\im\im\x64\debug\moc_socketrecvtools.obj
c:\users\msi-\desktop\im\im\x64\debug\friendmsg.obj
c:\users\msi-\desktop\im\im\x64\debug\main.obj
c:\users\msi-\desktop\im\im\x64\debug\search.obj
c:\users\msi-\desktop\im\im\x64\debug\moc_registerdia.obj
c:\users\msi-\desktop\im\im\x64\debug\moc_collapseviewitem.obj
c:\users\msi-\desktop\im\im\x64\debug\moc_msgboxwidget.obj
c:\users\msi-\desktop\im\im\x64\debug\im_login.obj
c:\users\msi-\desktop\im\im\x64\debug\msgloginresp.obj
c:\users\msi-\desktop\im\im\x64\debug\msgaddfriend.obj
c:\users\msi-\desktop\im\im\x64\debug\msglogin.obj
c:\users\msi-\desktop\im\im\x64\debug\mutex_linux.obj
c:\users\msi-\desktop\im\im\x64\debug\mutex_win32.obj
c:\users\msi-\desktop\im\im\x64\debug\thread_linux.obj
c:\users\msi-\desktop\im\im\x64\debug\thread_win32.obj
c:\users\msi-\desktop\im\im\x64\debug\registerdia.obj
c:\users\msi-\desktop\im\im\x64\debug\qrc_im.obj
c:\users\msi-\desktop\im\im\x64\debug\moc_socketsendtools.obj
c:\users\msi-\desktop\im\im\x64\debug\emotion.obj
c:\users\msi-\desktop\im\im\x64\debug\mainform.obj
c:\users\msi-\desktop\im\im\x64\debug\moc_im_login.obj
c:\users\msi-\desktop\im\im\x64\debug\moc_mainform.obj
c:\users\msi-\desktop\im\im\x64\debug\connecting.obj
c:\users\msi-\desktop\im\im\x64\debug\moveableframelesswindow.obj
c:\users\msi-\desktop\im\im\x64\debug\msgchat.obj
c:\users\msi-\desktop\im\im\x64\debug\mymessagebox.obj
c:\users\msi-\desktop\im\im\x64\debug\moc_connecting.obj
c:\users\msi-\desktop\im\im\x64\debug\moc_emotion.obj
c:\users\msi-\desktop\im\im\x64\debug\moc_mymessagebox.obj
c:\users\msi-\desktop\im\im\x64\debug\vc141.pdb
e:\visual studio projects\source\repos\im\im\x64\debug\emotion.obj
e:\visual studio projects\source\repos\im\im\x64\debug\moc_im.obj
e:\visual studio projects\source\repos\im\im\x64\debug\im.obj
e:\visual studio projects\source\repos\im\im\x64\debug\qrc_im.obj
e:\visual studio projects\source\repos\im\im\x64\debug\connecting.obj
e:\visual studio projects\source\repos\im\im\generatedfiles\ui_chat.h
e:\visual studio projects\source\repos\im\im\generatedfiles\ui_collapseview.h
e:\visual studio projects\source\repos\im\im\generatedfiles\ui_collapseviewitem.h
e:\visual studio projects\source\repos\im\im\generatedfiles\ui_connecting.h
e:\visual studio projects\source\repos\im\im\generatedfiles\ui_emotion.h
e:\visual studio projects\source\repos\im\im\generatedfiles\ui_friendmsg.h
e:\visual studio projects\source\repos\im\im\generatedfiles\ui_im.h
e:\visual studio projects\source\repos\im\im\generatedfiles\ui_im_login.h
e:\visual studio projects\source\repos\im\im\generatedfiles\ui_litteriem.h
e:\visual studio projects\source\repos\im\im\generatedfiles\ui_mainform.h
e:\visual studio projects\source\repos\im\im\generatedfiles\ui_msgboxwidget.h
e:\visual studio projects\source\repos\im\im\generatedfiles\ui_mymessagebox.h
e:\visual studio projects\source\repos\im\im\generatedfiles\ui_search.h
e:\visual studio projects\source\repos\im\im\generatedfiles\qrc_im.cpp
e:\visual studio projects\source\repos\im\im\generatedfiles\debug\moc_im.cpp
e:\visual studio projects\source\repos\im\im\generatedfiles\debug\moc_connecting.cpp
e:\visual studio projects\source\repos\im\im\generatedfiles\debug\moc_collapseview.cpp
e:\visual studio projects\source\repos\im\im\generatedfiles\debug\moc_collapseviewitem.cpp
e:\visual studio projects\source\repos\im\im\generatedfiles\debug\moc_chat.cpp
e:\visual studio projects\source\repos\im\im\generatedfiles\debug\moc_emotion.cpp
e:\visual studio projects\source\repos\im\im\generatedfiles\debug\moc_friendmsg.cpp
e:\visual studio projects\source\repos\im\im\generatedfiles\debug\moc_moveableframelesswindow.cpp
e:\visual studio projects\source\repos\im\im\generatedfiles\debug\moc_im_login.cpp
e:\visual studio projects\source\repos\im\im\generatedfiles\debug\moc_mainform.cpp
e:\visual studio projects\source\repos\im\im\generatedfiles\debug\moc_litteriem.cpp
e:\visual studio projects\source\repos\im\im\generatedfiles\debug\moc_msgboxwidget.cpp
e:\visual studio projects\source\repos\im\im\generatedfiles\debug\moc_mymessagebox.cpp
e:\visual studio projects\source\repos\im\im\generatedfiles\debug\moc_search.cpp
e:\visual studio projects\source\repos\im\im\generatedfiles\debug\moc_socketrecvtools.cpp
e:\visual studio projects\source\repos\im\im\generatedfiles\debug\moc_socketsendtools.cpp
e:\visual studio projects\source\repos\im\im\generatedfiles\ui_registerdia.h
e:\visual studio projects\source\repos\im\im\generatedfiles\debug\moc_registerdia.cpp
c:\users\msi-\desktop\im\im\generatedfiles\ui_im_login.h
c:\users\msi-\desktop\im\im\generatedfiles\debug\moc_im_login.cpp
c:\users\msi-\desktop\im\im\generatedfiles\debug\moc_litteriem.cpp
c:\users\msi-\desktop\im\im\generatedfiles\debug\moc_registerdia.cpp
c:\users\msi-\desktop\im\im\generatedfiles\ui_chat.h
c:\users\msi-\desktop\im\im\generatedfiles\ui_collapseview.h
c:\users\msi-\desktop\im\im\generatedfiles\ui_collapseviewitem.h
c:\users\msi-\desktop\im\im\generatedfiles\ui_connecting.h
c:\users\msi-\desktop\im\im\generatedfiles\ui_emotion.h
c:\users\msi-\desktop\im\im\generatedfiles\ui_friendmsg.h
c:\users\msi-\desktop\im\im\generatedfiles\ui_im.h
c:\users\msi-\desktop\im\im\generatedfiles\ui_litteriem.h
c:\users\msi-\desktop\im\im\generatedfiles\ui_mainform.h
c:\users\msi-\desktop\im\im\generatedfiles\ui_msgboxwidget.h
c:\users\msi-\desktop\im\im\generatedfiles\ui_mymessagebox.h
c:\users\msi-\desktop\im\im\generatedfiles\ui_registerdia.h
c:\users\msi-\desktop\im\im\generatedfiles\ui_search.h
c:\users\msi-\desktop\im\im\generatedfiles\qrc_im.cpp
c:\users\msi-\desktop\im\im\generatedfiles\debug\moc_im.cpp
c:\users\msi-\desktop\im\im\generatedfiles\debug\moc_connecting.cpp
c:\users\msi-\desktop\im\im\generatedfiles\debug\moc_collapseview.cpp
c:\users\msi-\desktop\im\im\generatedfiles\debug\moc_collapseviewitem.cpp
c:\users\msi-\desktop\im\im\generatedfiles\debug\moc_chat.cpp
c:\users\msi-\desktop\im\im\generatedfiles\debug\moc_emotion.cpp
c:\users\msi-\desktop\im\im\generatedfiles\debug\moc_friendmsg.cpp
c:\users\msi-\desktop\im\im\generatedfiles\debug\moc_moveableframelesswindow.cpp
c:\users\msi-\desktop\im\im\generatedfiles\debug\moc_mainform.cpp
c:\users\msi-\desktop\im\im\generatedfiles\debug\moc_msgboxwidget.cpp
c:\users\msi-\desktop\im\im\generatedfiles\debug\moc_mymessagebox.cpp
c:\users\msi-\desktop\im\im\generatedfiles\debug\moc_search.cpp
c:\users\msi-\desktop\im\im\generatedfiles\debug\moc_socketrecvtools.cpp
c:\users\msi-\desktop\im\im\generatedfiles\debug\moc_socketsendtools.cpp
c:\users\msi-\desktop\im\x64\debug\im.exe
c:\users\msi-\desktop\im\x64\debug\im.ilk
c:\users\msi-\desktop\im\x64\debug\im.pdb
e:\visual studio projects\source\repos\im\x64\debug\im.exe
e:\visual studio projects\source\repos\im\x64\debug\im.ilk
e:\visual studio projects\source\repos\im\x64\debug\im.pdb
e:\visual studio projects\source\repos\im\im\.\generatedfiles\debug\moc_im.cpp
e:\visual studio projects\source\repos\im\im\.\generatedfiles\debug\moc_connecting.cpp
e:\visual studio projects\source\repos\im\im\.\generatedfiles\debug\moc_collapseview.cpp
e:\visual studio projects\source\repos\im\im\.\generatedfiles\debug\moc_collapseviewitem.cpp
e:\visual studio projects\source\repos\im\im\.\generatedfiles\debug\moc_chat.cpp
e:\visual studio projects\source\repos\im\im\.\generatedfiles\debug\moc_emotion.cpp
e:\visual studio projects\source\repos\im\im\.\generatedfiles\debug\moc_friendmsg.cpp
e:\visual studio projects\source\repos\im\im\.\generatedfiles\debug\moc_moveableframelesswindow.cpp
e:\visual studio projects\source\repos\im\im\.\generatedfiles\debug\moc_im_login.cpp
e:\visual studio projects\source\repos\im\im\.\generatedfiles\debug\moc_mainform.cpp
e:\visual studio projects\source\repos\im\im\.\generatedfiles\debug\moc_litteriem.cpp
e:\visual studio projects\source\repos\im\im\.\generatedfiles\debug\moc_msgboxwidget.cpp
e:\visual studio projects\source\repos\im\im\.\generatedfiles\debug\moc_mymessagebox.cpp
e:\visual studio projects\source\repos\im\im\.\generatedfiles\debug\moc_search.cpp
e:\visual studio projects\source\repos\im\im\.\generatedfiles\debug\moc_registerdia.cpp
e:\visual studio projects\source\repos\im\im\.\generatedfiles\debug\moc_socketrecvtools.cpp
e:\visual studio projects\source\repos\im\im\.\generatedfiles\debug\moc_socketsendtools.cpp
e:\visual studio projects\source\repos\im\im\.\generatedfiles\qrc_im.cpp
e:\visual studio projects\source\repos\im\im\.\generatedfiles\ui_chat.h
e:\visual studio projects\source\repos\im\im\.\generatedfiles\ui_collapseview.h
e:\visual studio projects\source\repos\im\im\.\generatedfiles\ui_collapseviewitem.h
e:\visual studio projects\source\repos\im\im\.\generatedfiles\ui_connecting.h
e:\visual studio projects\source\repos\im\im\.\generatedfiles\ui_emotion.h
e:\visual studio projects\source\repos\im\im\.\generatedfiles\ui_friendmsg.h
e:\visual studio projects\source\repos\im\im\.\generatedfiles\ui_im.h
e:\visual studio projects\source\repos\im\im\.\generatedfiles\ui_im_login.h
e:\visual studio projects\source\repos\im\im\.\generatedfiles\ui_litteriem.h
e:\visual studio projects\source\repos\im\im\.\generatedfiles\ui_mainform.h
e:\visual studio projects\source\repos\im\im\.\generatedfiles\ui_msgboxwidget.h
e:\visual studio projects\source\repos\im\im\.\generatedfiles\ui_mymessagebox.h
e:\visual studio projects\source\repos\im\im\.\generatedfiles\ui_registerdia.h
e:\visual studio projects\source\repos\im\im\.\generatedfiles\ui_search.h
e:\visual studio projects\source\repos\im\im\x64\debug\moc_connecting.obj
e:\visual studio projects\source\repos\im\im\x64\debug\moc_emotion.obj
e:\visual studio projects\source\repos\im\im\x64\debug\moc_msgboxwidget.obj
e:\visual studio projects\source\repos\im\im\x64\debug\moc_mymessagebox.obj
e:\visual studio projects\source\repos\im\im\x64\debug\moc_registerdialog.obj
e:\visual studio projects\source\repos\im\im\x64\debug\moveableframelesswindow.obj
e:\visual studio projects\source\repos\im\im\x64\debug\msgaddfriend.obj
e:\visual studio projects\source\repos\im\im\x64\debug\msgaddfriendresp.obj
e:\visual studio projects\source\repos\im\im\x64\debug\msgchat.obj
e:\visual studio projects\source\repos\im\im\x64\debug\msghead.obj
e:\visual studio projects\source\repos\im\im\x64\debug\msglogin.obj
e:\visual studio projects\source\repos\im\im\x64\debug\msgloginresp.obj
e:\visual studio projects\source\repos\im\im\x64\debug\msgreg.obj
e:\visual studio projects\source\repos\im\im\x64\debug\mutex_linux.obj
e:\visual studio projects\source\repos\im\im\x64\debug\mutex_win32.obj
e:\visual studio projects\source\repos\im\im\x64\debug\registerdialog.obj
e:\visual studio projects\source\repos\im\im\x64\debug\semaphore_linux.obj
e:\visual studio projects\source\repos\im\im\x64\debug\semaphore_win32.obj
e:\visual studio projects\source\repos\im\im\x64\debug\socket.obj
e:\visual studio projects\source\repos\im\im\x64\debug\socket_waitpackage.obj
e:\visual studio projects\source\repos\im\im\x64\debug\thread_linux.obj
e:\visual studio projects\source\repos\im\im\x64\debug\thread_win32.obj
e:\visual studio projects\source\repos\im\im\x64\debug\im.tlog\cl.command.1.tlog
e:\visual studio projects\source\repos\im\im\x64\debug\im.tlog\cl.read.1.tlog
e:\visual studio projects\source\repos\im\im\x64\debug\im.tlog\cl.write.1.tlog
e:\visual studio projects\source\repos\im\im\x64\debug\im.tlog\im.write.1u.tlog
e:\visual studio projects\source\repos\im\im\x64\debug\im.tlog\link.command.1.tlog
e:\visual studio projects\source\repos\im\im\x64\debug\im.tlog\link.read.1.tlog
e:\visual studio projects\source\repos\im\im\x64\debug\im.tlog\link.write.1.tlog
e:\visual studio projects\source\repos\im\im\x64\debug\im.tlog\moc.read.1u.tlog
e:\visual studio projects\source\repos\im\im\x64\debug\im.tlog\moc.write.1u.tlog
e:\visual studio projects\source\repos\im\im\x64\debug\im.tlog\rcc.read.1u.tlog
e:\visual studio projects\source\repos\im\im\x64\debug\im.tlog\rcc.write.1u.tlog
e:\visual studio projects\source\repos\im\im\x64\debug\im.tlog\uic.read.1u.tlog
e:\visual studio projects\source\repos\im\im\x64\debug\im.tlog\uic.write.1u.tlog
